<?xml version='1.0' encoding='UTF-8'?>
<!DOCTYPE coverage SYSTEM 'http://cobertura.sourceforge.net/xml/coverage-04.dtd'>
<coverage line-rate="0.5248041775456919" function-rate="0.18072289156626506" branch-rate="0.5273972602739726" lines-covered="201" lines-valid="383" functions-covered="15" functions-valid="83" branches-covered="77" branches-valid="146" complexity="0.0" timestamp="1660651636" version="gcovr 5.1"><sources><source>.</source></sources><packages><package name="Source.src" line-rate="0.5248041775456919" function-rate="1.0" branch-rate="0.5273972602739726" complexity="0.0"><classes><class name="DSP280x_CpuTimers_c" filename="Source/src/DSP280x_CpuTimers.c" line-rate="1.0" branch-rate="0.0" complexity="0.0"><methods/><lines><line number="37" hits="25" branch="false"/><line number="41" hits="25" branch="false"/><line number="43" hits="25" branch="false"/><line number="45" hits="25" branch="false"/><line number="46" hits="25" branch="false"/><line number="48" hits="25" branch="false"/><line number="50" hits="25" branch="false"/><line number="52" hits="25" branch="false"/><line number="78" hits="25" branch="false"/><line number="88" hits="25" branch="false"/><line number="93" hits="25" branch="false"/><line number="94" hits="25" branch="false"/><line number="95" hits="25" branch="false"/><line number="96" hits="25" branch="false"/><line number="99" hits="25" branch="false"/><line number="100" hits="25" branch="false"/><line number="103" hits="25" branch="false"/><line number="104" hits="25" branch="false"/><line number="105" hits="25" branch="false"/><line number="106" hits="25" branch="false"/><line number="107" hits="25" branch="false"/><line number="110" hits="25" branch="false"/><line number="111" hits="25" branch="false"/></lines></class><class name="DSP280x_DefaultIsr_c" filename="Source/src/DSP280x_DefaultIsr.c" line-rate="0.0" branch-rate="0.0" complexity="0.0"><methods/><lines><line number="31" hits="0" branch="false"/><line number="38" hits="0" branch="false"/><line number="42" hits="0" branch="false"/><line number="49" hits="0" branch="false"/><line number="52" hits="0" branch="false"/><line number="59" hits="0" branch="false"/><line number="62" hits="0" branch="false"/><line number="69" hits="0" branch="false"/><line number="72" hits="0" branch="false"/><line number="79" hits="0" branch="false"/><line number="82" hits="0" branch="false"/><line number="89" hits="0" branch="false"/><line number="92" hits="0" branch="false"/><line number="99" hits="0" branch="false"/><line number="104" hits="0" branch="false"/><line number="111" hits="0" branch="false"/><line number="115" hits="0" branch="false"/><line number="122" hits="0" branch="false"/><line number="127" hits="0" branch="false"/><line number="134" hits="0" branch="false"/><line number="137" hits="0" branch="false"/><line number="144" hits="0" branch="false"/><line number="147" hits="0" branch="false"/><line number="154" hits="0" branch="false"/><line number="157" hits="0" branch="false"/><line number="164" hits="0" branch="false"/><line number="167" hits="0" branch="false"/><line number="174" hits="0" branch="false"/><line number="177" hits="0" branch="false"/><line number="184" hits="0" branch="false"/><line number="187" hits="0" branch="false"/><line number="194" hits="0" branch="false"/><line number="197" hits="0" branch="false"/><line number="204" hits="0" branch="false"/><line number="207" hits="0" branch="false"/><line number="214" hits="0" branch="false"/><line number="217" hits="0" branch="false"/><line number="224" hits="0" branch="false"/><line number="233" hits="0" branch="false"/><line number="244" hits="0" branch="false"/><line number="249" hits="0" branch="false"/><line number="261" hits="0" branch="false"/><line number="267" hits="0" branch="false"/><line number="277" hits="0" branch="false"/><line number="282" hits="0" branch="false"/><line number="292" hits="0" branch="false"/><line number="297" hits="0" branch="false"/><line number="307" hits="0" branch="false"/><line number="311" hits="0" branch="false"/><line number="321" hits="0" branch="false"/><line number="326" hits="0" branch="false"/><line number="336" hits="0" branch="false"/><line number="345" hits="0" branch="false"/><line number="355" hits="0" branch="false"/><line number="359" hits="0" branch="false"/><line number="369" hits="0" branch="false"/><line number="373" hits="0" branch="false"/><line number="383" hits="0" branch="false"/><line number="388" hits="0" branch="false"/><line number="398" hits="0" branch="false"/><line number="403" hits="0" branch="false"/><line number="413" hits="0" branch="false"/><line number="417" hits="0" branch="false"/><line number="428" hits="0" branch="false"/><line number="439" hits="0" branch="false"/><line number="449" hits="0" branch="false"/><line number="453" hits="0" branch="false"/><line number="463" hits="0" branch="false"/><line number="467" hits="0" branch="false"/><line number="477" hits="0" branch="false"/><line number="481" hits="0" branch="false"/><line number="491" hits="0" branch="false"/><line number="495" hits="0" branch="false"/><line number="505" hits="0" branch="false"/><line number="509" hits="0" branch="false"/><line number="519" hits="0" branch="false"/><line number="531" hits="0" branch="false"/><line number="541" hits="0" branch="false"/><line number="545" hits="0" branch="false"/><line number="555" hits="0" branch="false"/><line number="559" hits="0" branch="false"/><line number="569" hits="0" branch="false"/><line number="573" hits="0" branch="false"/><line number="583" hits="0" branch="false"/><line number="596" hits="0" branch="false"/><line number="606" hits="0" branch="false"/><line number="610" hits="0" branch="false"/><line number="620" hits="0" branch="false"/><line number="635" hits="0" branch="false"/><line number="645" hits="0" branch="false"/><line number="649" hits="0" branch="false"/><line number="659" hits="0" branch="false"/><line number="663" hits="0" branch="false"/><line number="673" hits="0" branch="false"/><line number="677" hits="0" branch="false"/><line number="687" hits="0" branch="false"/><line number="691" hits="0" branch="false"/><line number="701" hits="0" branch="false"/><line number="705" hits="0" branch="false"/><line number="715" hits="0" branch="false"/><line number="719" hits="0" branch="false"/><line number="729" hits="0" branch="false"/><line number="733" hits="0" branch="false"/><line number="743" hits="0" branch="false"/><line number="765" hits="0" branch="false"/><line number="775" hits="0" branch="false"/><line number="779" hits="0" branch="false"/><line number="789" hits="0" branch="false"/><line number="805" hits="0" branch="false"/><line number="815" hits="0" branch="false"/><line number="820" hits="0" branch="false"/><line number="830" hits="0" branch="false"/><line number="836" hits="0" branch="false"/><line number="846" hits="0" branch="false"/><line number="851" hits="0" branch="false"/><line number="861" hits="0" branch="false"/><line number="866" hits="0" branch="false"/><line number="876" hits="0" branch="false"/><line number="881" hits="0" branch="false"/><line number="891" hits="0" branch="false"/><line number="896" hits="0" branch="false"/><line number="906" hits="0" branch="false"/><line number="911" hits="0" branch="false"/><line number="921" hits="0" branch="false"/><line number="969" hits="0" branch="false"/><line number="974" hits="0" branch="false"/><line number="977" hits="0" branch="false"/><line number="980" hits="0" branch="false"/><line number="983" hits="0" branch="false"/></lines></class><class name="DSP280x_PieCtrl_c" filename="Source/src/DSP280x_PieCtrl.c" line-rate="0.9" branch-rate="0.0" complexity="0.0"><methods/><lines><line number="22" hits="25" branch="false"/><line number="28" hits="25" branch="false"/><line number="31" hits="25" branch="false"/><line number="32" hits="25" branch="false"/><line number="33" hits="25" branch="false"/><line number="34" hits="25" branch="false"/><line number="35" hits="25" branch="false"/><line number="36" hits="25" branch="false"/><line number="37" hits="25" branch="false"/><line number="38" hits="25" branch="false"/><line number="39" hits="25" branch="false"/><line number="40" hits="25" branch="false"/><line number="41" hits="25" branch="false"/><line number="42" hits="25" branch="false"/><line number="45" hits="25" branch="false"/><line number="46" hits="25" branch="false"/><line number="47" hits="25" branch="false"/><line number="48" hits="25" branch="false"/><line number="49" hits="25" branch="false"/><line number="50" hits="25" branch="false"/><line number="51" hits="25" branch="false"/><line number="52" hits="25" branch="false"/><line number="53" hits="25" branch="false"/><line number="54" hits="25" branch="false"/><line number="55" hits="25" branch="false"/><line number="56" hits="25" branch="false"/><line number="59" hits="25" branch="false"/><line number="66" hits="0" branch="false"/><line number="70" hits="0" branch="false"/><line number="73" hits="0" branch="false"/></lines></class><class name="DSP280x_PieVect_c" filename="Source/src/DSP280x_PieVect.c" line-rate="0.0" branch-rate="0.0" complexity="0.0"><methods/><lines><line number="189" hits="0" branch="false"/><line number="192" hits="0" branch="false"/><line number="193" hits="0" branch="false"/><line number="196" hits="0" branch="true" condition-coverage="0% (0/2)"><conditions><condition number="0" type="jump" coverage="0%"/></conditions></line><line number="197" hits="0" branch="false"/><line number="201" hits="0" branch="false"/></lines></class><class name="DSP280x_SysCtrl_c" filename="Source/src/DSP280x_SysCtrl.c" line-rate="0.6428571428571429" branch-rate="0.38461538461538464" complexity="0.0"><methods/><lines><line number="34" hits="25" branch="false"/><line number="37" hits="25" branch="false"/><line number="39" hits="25" branch="false"/><line number="46" hits="0" branch="false"/><line number="51" hits="0" branch="false"/><line number="61" hits="0" branch="true" condition-coverage="0% (0/2)"><conditions><condition number="0" type="jump" coverage="0%"/></conditions></line><line number="63" hits="0" branch="false"/><line number="67" hits="0" branch="true" condition-coverage="0% (0/2)"><conditions><condition number="0" type="jump" coverage="0%"/></conditions></line><line number="72" hits="0" branch="false"/><line number="73" hits="0" branch="false"/><line number="96" hits="0" branch="false"/><line number="98" hits="0" branch="true" condition-coverage="0% (0/2)"><conditions><condition number="0" type="jump" coverage="0%"/></conditions></line><line number="105" hits="0" branch="false"/><line number="106" hits="0" branch="false"/><line number="122" hits="25" branch="false"/><line number="127" hits="25" branch="false"/><line number="128" hits="25" branch="false"/><line number="132" hits="25" branch="false"/><line number="144" hits="25" branch="false"/><line number="145" hits="25" branch="false"/><line number="146" hits="25" branch="false"/><line number="147" hits="25" branch="false"/><line number="148" hits="25" branch="false"/><line number="149" hits="25" branch="false"/><line number="150" hits="25" branch="false"/><line number="151" hits="25" branch="false"/><line number="152" hits="25" branch="false"/><line number="154" hits="50" branch="true" condition-coverage="50% (2/4)"><conditions><condition number="0" type="jump" coverage="50%"/></conditions></line><line number="155" hits="25" branch="false"/><line number="157" hits="25" branch="false"/><line number="158" hits="25" branch="false"/><line number="161" hits="50" branch="true" condition-coverage="50% (2/4)"><conditions><condition number="0" type="jump" coverage="50%"/></conditions></line><line number="162" hits="25" branch="false"/><line number="164" hits="25" branch="false"/><line number="167" hits="25" branch="true" condition-coverage="50% (1/2)"><conditions><condition number="0" type="jump" coverage="50%"/></conditions></line><line number="169" hits="25" branch="false"/><line number="172" hits="50" branch="true" condition-coverage="50% (2/4)"><conditions><condition number="0" type="jump" coverage="50%"/></conditions></line><line number="173" hits="50" branch="true" condition-coverage="50% (1/2)"><conditions><condition number="0" type="jump" coverage="50%"/></conditions></line><line number="174" hits="25" branch="false"/><line number="176" hits="0" branch="false"/><line number="177" hits="0" branch="false"/><line number="178" hits="0" branch="false"/><line number="179" hits="0" branch="false"/><line number="180" hits="0" branch="false"/><line number="181" hits="0" branch="false"/><line number="182" hits="0" branch="false"/><line number="183" hits="0" branch="false"/><line number="186" hits="50" branch="true" condition-coverage="50% (2/4)"><conditions><condition number="0" type="jump" coverage="50%"/></conditions></line><line number="187" hits="25" branch="false"/><line number="189" hits="0" branch="false"/><line number="192" hits="25" branch="false"/><line number="195" hits="25" branch="false"/><line number="210" hits="25" branch="false"/><line number="214" hits="25" branch="false"/><line number="222" hits="25" branch="false"/><line number="223" hits="25" branch="false"/></lines></class><class name="Init_c" filename="Source/src/Init.c" line-rate="1.0" branch-rate="0.0" complexity="0.0"><methods/><lines><line number="10" hits="25" branch="false"/><line number="15" hits="25" branch="false"/><line number="30" hits="25" branch="false"/><line number="33" hits="25" branch="false"/><line number="34" hits="25" branch="false"/><line number="53" hits="25" branch="false"/><line number="57" hits="25" branch="false"/><line number="58" hits="25" branch="false"/><line number="64" hits="25" branch="false"/><line number="67" hits="25" branch="false"/><line number="74" hits="25" branch="false"/></lines></class><class name="Main_c" filename="Source/src/Main.c" line-rate="1.0" branch-rate="1.0" complexity="0.0"><methods/><lines><line number="53" hits="46" branch="false"/><line number="55" hits="46" branch="false"/><line number="56" hits="46" branch="false"/><line number="58" hits="46" branch="true" condition-coverage="100% (2/2)"><conditions><condition number="0" type="jump" coverage="100%"/></conditions></line><line number="60" hits="23" branch="false"/><line number="64" hits="23" branch="false"/><line number="66" hits="46" branch="false"/><line number="70" hits="69" branch="false"/><line number="73" hits="69" branch="false"/><line number="74" hits="69" branch="false"/><line number="75" hits="69" branch="false"/><line number="76" hits="69" branch="false"/><line number="77" hits="69" branch="false"/><line number="78" hits="69" branch="false"/><line number="79" hits="69" branch="false"/><line number="81" hits="69" branch="false"/><line number="83" hits="69" branch="false"/><line number="84" hits="69" branch="false"/><line number="92" hits="69" branch="false"/></lines></class><class name="Taster_c" filename="Source/src/Taster.c" line-rate="0.6521739130434783" branch-rate="0.42105263157894735" complexity="0.0"><methods/><lines><line number="17" hits="39" branch="false"/><line number="19" hits="39" branch="true" condition-coverage="75% (3/4)"><conditions><condition number="0" type="jump" coverage="75%"/></conditions></line><line number="21" hits="31" branch="false"/><line number="22" hits="62" branch="true" condition-coverage="100% (2/2)"><conditions><condition number="0" type="jump" coverage="100%"/></conditions></line><line number="24" hits="26" branch="false"/><line number="28" hits="5" branch="false"/><line number="31" hits="8" branch="true" condition-coverage="75% (3/4)"><conditions><condition number="0" type="jump" coverage="75%"/></conditions></line><line number="33" hits="4" branch="false"/><line number="35" hits="4" branch="true" condition-coverage="75% (3/4)"><conditions><condition number="0" type="jump" coverage="75%"/></conditions></line><line number="37" hits="2" branch="false"/><line number="39" hits="2" branch="true" condition-coverage="50% (2/4)"><conditions><condition number="0" type="jump" coverage="50%"/></conditions></line><line number="41" hits="2" branch="false"/><line number="43" hits="39" branch="false"/><line number="47" hits="28" branch="false"/><line number="49" hits="28" branch="true" condition-coverage="75% (3/4)"><conditions><condition number="0" type="jump" coverage="75%"/></conditions></line><line number="51" hits="25" branch="false"/><line number="52" hits="50" branch="true" condition-coverage="100% (2/2)"><conditions><condition number="0" type="jump" coverage="100%"/></conditions></line><line number="54" hits="24" branch="false"/><line number="55" hits="24" branch="false"/><line number="59" hits="1" branch="false"/><line number="62" hits="3" branch="true" condition-coverage="75% (3/4)"><conditions><condition number="0" type="jump" coverage="75%"/></conditions></line><line number="64" hits="1" branch="false"/><line number="66" hits="2" branch="true" condition-coverage="75% (3/4)"><conditions><condition number="0" type="jump" coverage="75%"/></conditions></line><line number="68" hits="1" branch="false"/><line number="70" hits="1" branch="true" condition-coverage="50% (2/4)"><conditions><condition number="0" type="jump" coverage="50%"/></conditions></line><line number="72" hits="1" branch="false"/><line number="75" hits="28" branch="false"/><line number="79" hits="23" branch="false"/><line number="81" hits="23" branch="true" condition-coverage="50% (2/4)"><conditions><condition number="0" type="jump" coverage="50%"/></conditions></line><line number="83" hits="23" branch="false"/><line number="84" hits="23" branch="true" condition-coverage="25% (1/4)"><conditions><condition number="0" type="jump" coverage="25%"/></conditions></line><line number="86" hits="23" branch="false"/><line number="87" hits="23" branch="false"/><line number="89" hits="0" branch="false"/><line number="90" hits="0" branch="false"/><line number="91" hits="0" branch="false"/><line number="93" hits="0" branch="false"/><line number="94" hits="0" branch="false"/><line number="95" hits="0" branch="false"/><line number="96" hits="0" branch="false"/><line number="106" hits="23" branch="false"/><line number="107" hits="0" branch="true" condition-coverage="0% (0/4)"><conditions><condition number="0" type="jump" coverage="0%"/></conditions></line><line number="109" hits="0" branch="false"/><line number="111" hits="0" branch="true" condition-coverage="0% (0/4)"><conditions><condition number="0" type="jump" coverage="0%"/></conditions></line><line number="113" hits="0" branch="false"/><line number="116" hits="0" branch="true" condition-coverage="0% (0/4)"><conditions><condition number="0" type="jump" coverage="0%"/></conditions></line><line number="118" hits="0" branch="false"/><line number="120" hits="23" branch="false"/><line number="123" hits="23" branch="false"/><line number="125" hits="23" branch="true" condition-coverage="50% (2/4)"><conditions><condition number="0" type="jump" coverage="50%"/></conditions></line><line number="127" hits="23" branch="false"/><line number="128" hits="23" branch="true" condition-coverage="25% (1/4)"><conditions><condition number="0" type="jump" coverage="25%"/></conditions></line><line number="130" hits="0" branch="false"/><line number="131" hits="0" branch="false"/><line number="133" hits="23" branch="false"/><line number="134" hits="23" branch="false"/><line number="135" hits="23" branch="false"/><line number="136" hits="23" branch="false"/><line number="138" hits="0" branch="false"/><line number="139" hits="0" branch="false"/><line number="140" hits="0" branch="false"/><line number="150" hits="23" branch="false"/><line number="151" hits="0" branch="true" condition-coverage="0% (0/4)"><conditions><condition number="0" type="jump" coverage="0%"/></conditions></line><line number="153" hits="0" branch="false"/><line number="155" hits="0" branch="true" condition-coverage="0% (0/4)"><conditions><condition number="0" type="jump" coverage="0%"/></conditions></line><line number="157" hits="0" branch="false"/><line number="160" hits="0" branch="true" condition-coverage="0% (0/4)"><conditions><condition number="0" type="jump" coverage="0%"/></conditions></line><line number="162" hits="0" branch="false"/><line number="165" hits="23" branch="false"/></lines></class><class name="Timer_c" filename="Source/src/Timer.c" line-rate="1.0" branch-rate="0.825" complexity="0.0"><methods/><lines><line number="20" hits="67" branch="false"/><line number="22" hits="67" branch="false"/><line number="24" hits="67" branch="false"/><line number="25" hits="67" branch="false"/><line number="26" hits="67" branch="false"/><line number="27" hits="67" branch="false"/><line number="29" hits="67" branch="true" condition-coverage="100% (2/2)"><conditions><condition number="0" type="jump" coverage="100%"/></conditions></line><line number="31" hits="29" branch="false"/><line number="32" hits="29" branch="false"/><line number="34" hits="67" branch="true" condition-coverage="100% (2/2)"><conditions><condition number="0" type="jump" coverage="100%"/></conditions></line><line number="36" hits="12" branch="false"/><line number="37" hits="12" branch="false"/><line number="38" hits="12" branch="false"/><line number="40" hits="67" branch="true" condition-coverage="100% (4/4)"><conditions><condition number="0" type="jump" coverage="100%"/></conditions></line><line number="42" hits="17" branch="false"/><line number="43" hits="17" branch="false"/><line number="44" hits="17" branch="false"/><line number="46" hits="67" branch="true" condition-coverage="100% (2/2)"><conditions><condition number="0" type="jump" coverage="100%"/></conditions></line><line number="48" hits="38" branch="true" condition-coverage="83% (5/6)"><conditions><condition number="0" type="jump" coverage="83%"/></conditions></line><line number="50" hits="9" branch="false"/><line number="51" hits="9" branch="false"/><line number="53" hits="38" branch="true" condition-coverage="66% (4/6)"><conditions><condition number="0" type="jump" coverage="66%"/></conditions></line><line number="55" hits="9" branch="false"/><line number="58" hits="38" branch="true" condition-coverage="66% (4/6)"><conditions><condition number="0" type="jump" coverage="66%"/></conditions></line><line number="60" hits="13" branch="false"/><line number="61" hits="13" branch="false"/><line number="63" hits="38" branch="true" condition-coverage="66% (4/6)"><conditions><condition number="0" type="jump" coverage="66%"/></conditions></line><line number="65" hits="16" branch="false"/><line number="66" hits="16" branch="false"/><line number="73" hits="67" branch="false"/><line number="74" hits="67" branch="false"/><line number="76" hits="84" branch="false"/><line number="78" hits="84" branch="true" condition-coverage="100% (2/2)"><conditions><condition number="0" type="jump" coverage="100%"/></conditions></line><line number="80" hits="58" branch="false"/><line number="82" hits="84" branch="true" condition-coverage="100% (2/2)"><conditions><condition number="0" type="jump" coverage="100%"/></conditions></line><line number="84" hits="26" branch="false"/><line number="86" hits="84" branch="true" condition-coverage="100% (2/2)"><conditions><condition number="0" type="jump" coverage="100%"/></conditions></line><line number="88" hits="13" branch="false"/><line number="90" hits="84" branch="false"/><line number="91" hits="84" branch="false"/></lines></class></classes></package></packages></coverage>


