<?xml version='1.0' encoding='UTF-8'?>
<!DOCTYPE coverage SYSTEM 'http://cobertura.sourceforge.net/xml/coverage-04.dtd'>
<coverage line-rate="0.9425287356321839" function-rate="0.8947368421052632" branch-rate="0.9722222222222222" lines-covered="164" lines-valid="174" functions-covered="34" functions-valid="38" branches-covered="35" branches-valid="36" complexity="0.0" timestamp="1656315958" version="gcovr 5.1"><sources><source>.</source></sources><packages><package name="src" line-rate="0.9425287356321839" function-rate="1.0" branch-rate="0.9722222222222222" complexity="0.0"><classes><class name="AdcConductor_c" filename="src/AdcConductor.c" line-rate="1.0" branch-rate="0.875" complexity="0.0"><methods/><lines><line number="6" hits="31" branch="false"/><line number="8" hits="31" branch="false"/><line number="9" hits="31" branch="false"/><line number="11" hits="93" branch="false"/><line number="13" hits="93" branch="true" condition-coverage="100% (4/4)"><conditions><condition number="0" type="jump" coverage="100%"/></conditions></line><line number="15" hits="31" branch="false"/><line number="16" hits="31" branch="false"/><line number="18" hits="93" branch="false"/><line number="20" hits="31" branch="false"/><line number="23" hits="31" branch="false"/><line number="24" hits="31" branch="false"/><line number="26" hits="31" branch="false"/><line number="29" hits="62" branch="false"/><line number="31" hits="62" branch="false"/><line number="33" hits="62" branch="true" condition-coverage="75% (3/4)"><conditions><condition number="0" type="jump" coverage="75%"/></conditions></line><line number="36" hits="31" branch="false"/><line number="38" hits="31" branch="false"/><line number="40" hits="31" branch="false"/></lines></class><class name="AdcHardware_c" filename="src/AdcHardware.c" line-rate="0.8333333333333334" branch-rate="0.0" complexity="0.0"><methods/><lines><line number="6" hits="31" branch="false"/><line number="8" hits="31" branch="false"/><line number="9" hits="31" branch="false"/><line number="10" hits="31" branch="false"/><line number="11" hits="31" branch="false"/><line number="12" hits="31" branch="false"/><line number="14" hits="0" branch="false"/><line number="16" hits="0" branch="false"/><line number="19" hits="62" branch="false"/><line number="21" hits="62" branch="false"/><line number="24" hits="31" branch="false"/><line number="26" hits="31" branch="false"/></lines></class><class name="AdcModel_c" filename="src/AdcModel.c" line-rate="0.38461538461538464" branch-rate="0.0" complexity="0.0"><methods/><lines><line number="6" hits="62" branch="false"/><line number="8" hits="62" branch="false"/><line number="11" hits="31" branch="false"/><line number="13" hits="31" branch="false"/><line number="14" hits="31" branch="false"/><line number="16" hits="0" branch="false"/><line number="19" hits="0" branch="false"/><line number="21" hits="0" branch="false"/><line number="24" hits="0" branch="false"/><line number="27" hits="0" branch="false"/><line number="30" hits="0" branch="false"/><line number="31" hits="0" branch="false"/><line number="32" hits="0" branch="false"/></lines></class><class name="Executor_c" filename="src/Executor.c" line-rate="1.0" branch-rate="0.0" complexity="0.0"><methods/><lines><line number="10" hits="31" branch="false"/><line number="12" hits="31" branch="false"/><line number="13" hits="31" branch="false"/><line number="14" hits="31" branch="false"/><line number="15" hits="31" branch="false"/><line number="16" hits="31" branch="false"/><line number="17" hits="31" branch="false"/><line number="19" hits="31" branch="false"/><line number="21" hits="31" branch="false"/><line number="22" hits="31" branch="false"/><line number="23" hits="31" branch="false"/><line number="24" hits="31" branch="false"/></lines></class><class name="Main_c" filename="src/Main.c" line-rate="1.0" branch-rate="1.0" complexity="0.0"><methods/><lines><line number="32" hits="31" branch="false"/><line number="34" hits="31" branch="false"/><line number="36" hits="31" branch="true" condition-coverage="100% (2/2)"><conditions><condition number="0" type="jump" coverage="100%"/></conditions></line><line number="38" hits="31" branch="false"/></lines></class><class name="Model_c" filename="src/Model.c" line-rate="1.0" branch-rate="0.0" complexity="0.0"><methods/><lines><line number="5" hits="31" branch="false"/><line number="7" hits="31" branch="false"/><line number="8" hits="31" branch="false"/><line number="9" hits="31" branch="false"/></lines></class><class name="TaskScheduler_c" filename="src/TaskScheduler.c" line-rate="1.0" branch-rate="1.0" complexity="0.0"><methods/><lines><line number="19" hits="248" branch="false"/><line number="21" hits="248" branch="false"/><line number="22" hits="248" branch="false"/><line number="25" hits="248" branch="false"/><line number="27" hits="248" branch="false"/><line number="28" hits="248" branch="false"/><line number="29" hits="248" branch="false"/><line number="30" hits="248" branch="false"/><line number="32" hits="620" branch="false"/><line number="34" hits="620" branch="true" condition-coverage="100% (2/2)"><conditions><condition number="0" type="jump" coverage="100%"/></conditions></line><line number="36" hits="217" branch="false"/><line number="37" hits="217" branch="false"/><line number="40" hits="620" branch="true" condition-coverage="100% (2/2)"><conditions><condition number="0" type="jump" coverage="100%"/></conditions></line><line number="42" hits="496" branch="false"/><line number="43" hits="496" branch="false"/><line number="45" hits="620" branch="false"/><line number="47" hits="465" branch="false"/><line number="49" hits="465" branch="false"/><line number="51" hits="465" branch="true" condition-coverage="100% (2/2)"><conditions><condition number="0" type="jump" coverage="100%"/></conditions></line><line number="53" hits="217" branch="false"/><line number="54" hits="217" branch="false"/><line number="57" hits="465" branch="false"/><line number="60" hits="465" branch="false"/><line number="62" hits="465" branch="false"/><line number="64" hits="465" branch="true" condition-coverage="100% (2/2)"><conditions><condition number="0" type="jump" coverage="100%"/></conditions></line><line number="66" hits="217" branch="false"/><line number="67" hits="217" branch="false"/><line number="70" hits="465" branch="false"/></lines></class><class name="TemperatureCalculator_c" filename="src/TemperatureCalculator.c" line-rate="1.0" branch-rate="1.0" complexity="0.0"><methods/><lines><line number="9" hits="124" branch="false"/><line number="11" hits="124" branch="false"/><line number="12" hits="124" branch="false"/><line number="13" hits="124" branch="false"/><line number="14" hits="124" branch="false"/><line number="15" hits="124" branch="false"/><line number="18" hits="124" branch="true" condition-coverage="100% (2/2)"><conditions><condition number="0" type="jump" coverage="100%"/></conditions></line><line number="20" hits="31" branch="false"/><line number="25" hits="93" branch="false"/><line number="26" hits="93" branch="false"/></lines></class><class name="TemperatureFilter_c" filename="src/TemperatureFilter.c" line-rate="1.0" branch-rate="1.0" complexity="0.0"><methods/><lines><line number="8" hits="403" branch="false"/><line number="10" hits="403" branch="false"/><line number="11" hits="403" branch="false"/><line number="12" hits="403" branch="false"/><line number="14" hits="713" branch="false"/><line number="16" hits="713" branch="false"/><line number="19" hits="682" branch="false"/><line number="21" hits="682" branch="true" condition-coverage="100% (2/2)"><conditions><condition number="0" type="jump" coverage="100%"/></conditions></line><line number="23" hits="372" branch="false"/><line number="24" hits="372" branch="false"/><line number="28" hits="310" branch="true" condition-coverage="100% (4/4)"><conditions><condition number="0" type="jump" coverage="100%"/></conditions></line><line number="29" hits="248" branch="true" condition-coverage="100% (2/2)"><conditions><condition number="0" type="jump" coverage="100%"/></conditions></line><line number="30" hits="248" branch="false"/><line number="32" hits="124" branch="false"/><line number="33" hits="124" branch="false"/><line number="36" hits="310" branch="false"/><line number="38" hits="682" branch="false"/></lines></class><class name="TimerConductor_c" filename="src/TimerConductor.c" line-rate="1.0" branch-rate="0.0" complexity="0.0"><methods/><lines><line number="7" hits="31" branch="false"/><line number="9" hits="31" branch="false"/><line number="10" hits="31" branch="false"/><line number="12" hits="62" branch="false"/><line number="14" hits="62" branch="false"/><line number="15" hits="62" branch="false"/></lines></class><class name="TimerHardware_c" filename="src/TimerHardware.c" line-rate="1.0" branch-rate="0.0" complexity="0.0"><methods/><lines><line number="5" hits="31" branch="false"/><line number="7" hits="31" branch="false"/><line number="8" hits="31" branch="false"/><line number="9" hits="31" branch="false"/><line number="10" hits="31" branch="false"/><line number="11" hits="31" branch="false"/><line number="12" hits="31" branch="false"/><line number="13" hits="31" branch="false"/><line number="14" hits="31" branch="false"/><line number="15" hits="31" branch="false"/></lines></class><class name="TimerModel_c" filename="src/TimerModel.c" line-rate="1.0" branch-rate="0.0" complexity="0.0"><methods/><lines><line number="5" hits="31" branch="false"/><line number="7" hits="31" branch="false"/><line number="8" hits="31" branch="false"/></lines></class><class name="UsartBaudRateRegisterCalculator_c" filename="src/UsartBaudRateRegisterCalculator.c" line-rate="1.0" branch-rate="1.0" complexity="0.0"><methods/><lines><line number="4" hits="155" branch="false"/><line number="6" hits="155" branch="false"/><line number="8" hits="155" branch="true" condition-coverage="100% (2/2)"><conditions><condition number="0" type="jump" coverage="100%"/></conditions></line><line number="10" hits="31" branch="false"/><line number="14" hits="124" branch="false"/><line number="17" hits="155" branch="false"/></lines></class><class name="UsartConductor_c" filename="src/UsartConductor.c" line-rate="1.0" branch-rate="1.0" complexity="0.0"><methods/><lines><line number="7" hits="32" branch="false"/><line number="9" hits="32" branch="false"/><line number="10" hits="32" branch="false"/><line number="11" hits="32" branch="false"/><line number="13" hits="64" branch="false"/><line number="16" hits="64" branch="true" condition-coverage="100% (2/2)"><conditions><condition number="0" type="jump" coverage="100%"/></conditions></line><line number="18" hits="32" branch="false"/><line number="19" hits="32" branch="false"/><line number="21" hits="64" branch="false"/></lines></class><class name="UsartHardware_c" filename="src/UsartHardware.c" line-rate="1.0" branch-rate="1.0" complexity="0.0"><methods/><lines><line number="6" hits="31" branch="false"/><line number="8" hits="31" branch="false"/><line number="9" hits="31" branch="false"/><line number="10" hits="31" branch="false"/><line number="11" hits="31" branch="false"/><line number="12" hits="31" branch="false"/><line number="13" hits="31" branch="false"/><line number="14" hits="31" branch="false"/><line number="16" hits="31" branch="false"/><line number="18" hits="217" branch="true" condition-coverage="100% (2/2)"><conditions><condition number="0" type="jump" coverage="100%"/></conditions></line><line number="20" hits="155" branch="false"/><line number="22" hits="31" branch="false"/></lines></class><class name="UsartModel_c" filename="src/UsartModel.c" line-rate="1.0" branch-rate="1.0" complexity="0.0"><methods/><lines><line number="12" hits="31" branch="false"/><line number="14" hits="31" branch="false"/><line number="17" hits="62" branch="false"/><line number="19" hits="62" branch="false"/><line number="20" hits="62" branch="true" condition-coverage="100% (2/2)"><conditions><condition number="0" type="jump" coverage="100%"/></conditions></line><line number="22" hits="31" branch="false"/><line number="26" hits="31" branch="false"/><line number="28" hits="62" branch="false"/><line number="31" hits="31" branch="false"/><line number="33" hits="31" branch="false"/></lines></class></classes></package></packages></coverage>